Using pre-set license
Built from '2021.3/staging' branch; Version is '2021.3.20f1 (577897200b8b) revision 5732503'; Using compiler version '192829333'; Build Type 'Release'
OS: 'Windows 11  (10.0.22621) 64bit Core' Language: 'ko' Physical Memory: 16220 MB
BatchMode: 1, IsHumanControllingUs: 0, StartBugReporterOnCrash: 0, Is64bit: 1, IsPro: 1

COMMAND LINE ARGUMENTS:
C:\Unity\2021.3.20f1\Editor\Unity.exe
-adb2
-batchMode
-noUpm
-name
AssetImportWorker0
-projectPath
E:/GitHub/URP-Shader/URP-Shader
-logFile
Logs/AssetImportWorker0.log
-srvPort
50850
Successfully changed project path to: E:/GitHub/URP-Shader/URP-Shader
E:/GitHub/URP-Shader/URP-Shader
[UnityMemory] Configuration Parameters - Can be set up in boot.config
    "memorysetup-bucket-allocator-granularity=16"
    "memorysetup-bucket-allocator-bucket-count=8"
    "memorysetup-bucket-allocator-block-size=33554432"
    "memorysetup-bucket-allocator-block-count=8"
    "memorysetup-main-allocator-block-size=16777216"
    "memorysetup-thread-allocator-block-size=16777216"
    "memorysetup-gfx-main-allocator-block-size=16777216"
    "memorysetup-gfx-thread-allocator-block-size=16777216"
    "memorysetup-cache-allocator-block-size=4194304"
    "memorysetup-typetree-allocator-block-size=2097152"
    "memorysetup-profiler-bucket-allocator-granularity=16"
    "memorysetup-profiler-bucket-allocator-bucket-count=8"
    "memorysetup-profiler-bucket-allocator-block-size=33554432"
    "memorysetup-profiler-bucket-allocator-block-count=8"
    "memorysetup-profiler-allocator-block-size=16777216"
    "memorysetup-profiler-editor-allocator-block-size=1048576"
    "memorysetup-temp-allocator-size-main=16777216"
    "memorysetup-job-temp-allocator-block-size=2097152"
    "memorysetup-job-temp-allocator-block-size-background=1048576"
    "memorysetup-job-temp-allocator-reduction-small-platforms=262144"
    "memorysetup-temp-allocator-size-background-worker=32768"
    "memorysetup-temp-allocator-size-job-worker=262144"
    "memorysetup-temp-allocator-size-preload-manager=33554432"
    "memorysetup-temp-allocator-size-nav-mesh-worker=65536"
    "memorysetup-temp-allocator-size-audio-worker=65536"
    "memorysetup-temp-allocator-size-cloud-worker=32768"
    "memorysetup-temp-allocator-size-gi-baking-worker=262144"
    "memorysetup-temp-allocator-size-gfx=262144"
Player connection [13080] Host "[IP] 25.25.66.47 [Port] 0 [Flags] 2 [Guid] 1620099306 [EditorId] 1620099306 [Version] 1048832 [Id] WindowsEditor(7,DESKTOP-ET943N4) [Debug] 1 [PackageName] WindowsEditor [ProjectName] Editor" joined multi-casting on [225.0.0.222:54997]...

Player connection [13080] Host "[IP] 25.25.66.47 [Port] 0 [Flags] 2 [Guid] 1620099306 [EditorId] 1620099306 [Version] 1048832 [Id] WindowsEditor(7,DESKTOP-ET943N4) [Debug] 1 [PackageName] WindowsEditor [ProjectName] Editor" joined alternative multi-casting on [225.0.0.222:34997]...

Refreshing native plugins compatible for Editor in 237.78 ms, found 3 plugins.
Preloading 0 native plugins for Editor in 0.00 ms.
Initialize engine version: 2021.3.20f1 (577897200b8b)
[Subsystems] Discovering subsystems at path C:/Unity/2021.3.20f1/Editor/Data/Resources/UnitySubsystems
[Subsystems] Discovering subsystems at path E:/GitHub/URP-Shader/URP-Shader/Assets
GfxDevice: creating device client; threaded=0; jobified=0
Direct3D:
    Version:  Direct3D 11.0 [level 11.1]
    Renderer: NVIDIA GeForce RTX 3060 (ID=0x2504)
    Vendor:   NVIDIA
    VRAM:     12129 MB
    Driver:   31.0.15.3699
Initialize mono
Mono path[0] = 'C:/Unity/2021.3.20f1/Editor/Data/Managed'
Mono path[1] = 'C:/Unity/2021.3.20f1/Editor/Data/MonoBleedingEdge/lib/mono/unityjit-win32'
Mono config path = 'C:/Unity/2021.3.20f1/Editor/Data/MonoBleedingEdge/etc'
Using monoOptions --debugger-agent=transport=dt_socket,embedding=1,server=y,suspend=n,address=127.0.0.1:56620
Begin MonoManager ReloadAssembly
Registering precompiled unity dll's ...
Register platform support module: C:/Unity/2021.3.20f1/Editor/Data/PlaybackEngines/AndroidPlayer/UnityEditor.Android.Extensions.dll
Register platform support module: C:/Unity/2021.3.20f1/Editor/Data/PlaybackEngines/WindowsStandaloneSupport/UnityEditor.WindowsStandalone.Extensions.dll
Registered in 0.014341 seconds.
Native extension for WindowsStandalone target not found
Native extension for Android target not found
Android Extension - Scanning For ADB Devices 384 ms
Refreshing native plugins compatible for Editor in 77.71 ms, found 3 plugins.
Preloading 0 native plugins for Editor in 0.00 ms.
Mono: successfully reloaded assembly
- Completed reload, in  1.041 seconds
Domain Reload Profiling:
	ReloadAssembly (1042ms)
		BeginReloadAssembly (143ms)
			ExecutionOrderSort (0ms)
			DisableScriptedObjects (0ms)
			BackupInstance (0ms)
			ReleaseScriptingObjects (0ms)
			CreateAndSetChildDomain (1ms)
		EndReloadAssembly (791ms)
			LoadAssemblies (137ms)
			RebuildTransferFunctionScriptingTraits (0ms)
			SetupTypeCache (81ms)
			ReleaseScriptCaches (0ms)
			RebuildScriptCaches (23ms)
			SetupLoadedEditorAssemblies (632ms)
				LogAssemblyErrors (0ms)
				InitializePlatformSupportModulesInManaged (441ms)
				SetLoadedEditorAssemblies (0ms)
				RefreshPlugins (78ms)
				BeforeProcessingInitializeOnLoad (1ms)
				ProcessInitializeOnLoadAttributes (71ms)
				ProcessInitializeOnLoadMethodAttributes (41ms)
				AfterProcessingInitializeOnLoad (0ms)
				EditorAssembliesLoaded (0ms)
			ExecutionOrderSort2 (0ms)
			AwakeInstancesAfterBackupRestoration (0ms)
Platform modules already initialized, skipping
Registering precompiled user dll's ...
Registered in 0.008365 seconds.
Begin MonoManager ReloadAssembly
Symbol file LoadedFromMemory doesn't match image E:\GitHub\URP-Shader\URP-Shader\Library\PackageCache\com.unity.visualscripting@1.8.0\Editor\VisualScripting.Core\Dependencies\YamlDotNet\Unity.VisualScripting.YamlDotNet.dll
Symbol file LoadedFromMemory doesn't match image E:\GitHub\URP-Shader\URP-Shader\Library\PackageCache\com.unity.visualscripting@1.8.0\Editor\VisualScripting.Core\Dependencies\DotNetZip\Unity.VisualScripting.IonicZip.dll
Native extension for WindowsStandalone target not found
Native extension for Android target not found
Refreshing native plugins compatible for Editor in 70.89 ms, found 3 plugins.
Preloading 0 native plugins for Editor in 0.00 ms.
Mono: successfully reloaded assembly
- Completed reload, in  4.412 seconds
Domain Reload Profiling:
	ReloadAssembly (4413ms)
		BeginReloadAssembly (135ms)
			ExecutionOrderSort (0ms)
			DisableScriptedObjects (3ms)
			BackupInstance (0ms)
			ReleaseScriptingObjects (0ms)
			CreateAndSetChildDomain (15ms)
		EndReloadAssembly (4132ms)
			LoadAssemblies (3417ms)
			RebuildTransferFunctionScriptingTraits (0ms)
			SetupTypeCache (193ms)
			ReleaseScriptCaches (0ms)
			RebuildScriptCaches (43ms)
			SetupLoadedEditorAssemblies (466ms)
				LogAssemblyErrors (0ms)
				InitializePlatformSupportModulesInManaged (16ms)
				SetLoadedEditorAssemblies (0ms)
				RefreshPlugins (71ms)
				BeforeProcessingInitializeOnLoad (114ms)
				ProcessInitializeOnLoadAttributes (186ms)
				ProcessInitializeOnLoadMethodAttributes (62ms)
				AfterProcessingInitializeOnLoad (17ms)
				EditorAssembliesLoaded (0ms)
			ExecutionOrderSort2 (0ms)
			AwakeInstancesAfterBackupRestoration (15ms)
Platform modules already initialized, skipping
========================================================================
Worker process is ready to serve import requests
Launched and connected shader compiler UnityShaderCompiler.exe after 0.04 seconds
Refreshing native plugins compatible for Editor in 0.77 ms, found 3 plugins.
Preloading 0 native plugins for Editor in 0.00 ms.
Unloading 4821 Unused Serialized files (Serialized files now loaded: 0)
Unloading 40 unused Assets / (1.1 MB). Loaded Objects now: 5269.
Memory consumption went from 195.1 MB to 194.0 MB.
Total: 3.116700 ms (FindLiveObjects: 0.223900 ms CreateObjectMapping: 0.115800 ms MarkObjects: 2.451600 ms  DeleteObjects: 0.324600 ms)

AssetImportParameters requested are different than current active one (requested -> active):
  custom:video-decoder-ogg-theora: a1e56fd34408186e4bbccfd4996cb3dc -> 
  custom:container-muxer-webm: aa71ff27fc2769a1b78a27578f13a17b -> 
  custom:container-demuxer-webm: 4f35f7cbe854078d1ac9338744f61a02 -> 
  custom:video-encoder-webm-vp8: eb34c28f22e8b96e1ab97ce403110664 -> 
  custom:video-codec-MediaFoundation-h265: 746d11721c4dcdbdad8f713fa42b33f4 -> 
  custom:audio-encoder-webm-vorbis: bf7c407c2cedff20999df2af8eb42d56 -> 
  custom:framework-win-MediaFoundation: 216162199b28c13a410421893ffa2e32 -> 
  custom:container-demuxer-ogg: 62fdf1f143b41e24485cea50d1cbac27 -> 
  custom:video-decoder-webm-vp8: 9c59270c3fd7afecdb556c50c9e8de78 -> 
  custom:audio-decoder-ogg-vorbis: bf7c407c2cedff20999df2af8eb42d56 -> 
========================================================================
Received Import Request.
  Time since last request: 34364.146441 seconds.
  path: Assets/chapter10/10.mat
  artifactKey: Guid(a1c75f0649e96d44ab88295b869e544d) Importer(815301076,1909f56bfc062723c751e8b465ee728b)
Start importing Assets/chapter10/10.mat using Guid(a1c75f0649e96d44ab88295b869e544d) Importer(815301076,1909f56bfc062723c751e8b465ee728b)  -> (artifact id: 'a6a7e052be3ae6b6922a775d197c075d') in 1.255717 seconds 
========================================================================
Received Import Request.
  Time since last request: 251.784325 seconds.
  path: Assets/chapter10/10.mat
  artifactKey: Guid(a1c75f0649e96d44ab88295b869e544d) Importer(815301076,1909f56bfc062723c751e8b465ee728b)
Start importing Assets/chapter10/10.mat using Guid(a1c75f0649e96d44ab88295b869e544d) Importer(815301076,1909f56bfc062723c751e8b465ee728b)  -> (artifact id: '1650225535a8f1442393ec0a30f25256') in 0.031459 seconds 
========================================================================
Received Import Request.
  Time since last request: 205.552930 seconds.
  path: Assets/Sci-fi Pistol/Prefabs
  artifactKey: Guid(f3ad34a64d138de49a8a0e71e04c21c0) Importer(815301076,1909f56bfc062723c751e8b465ee728b)
Start importing Assets/Sci-fi Pistol/Prefabs using Guid(f3ad34a64d138de49a8a0e71e04c21c0) Importer(815301076,1909f56bfc062723c751e8b465ee728b)  -> (artifact id: '15a66252bc2a12e76adf560ed3606330') in 0.012948 seconds 
========================================================================
Received Import Request.
  Time since last request: 0.057254 seconds.
  path: Assets/Sci-fi Pistol/Prefabs/Bullet.prefab
  artifactKey: Guid(cf957b4ed1cbe124abac918820f3a5ed) Importer(815301076,1909f56bfc062723c751e8b465ee728b)
Start importing Assets/Sci-fi Pistol/Prefabs/Bullet.prefab using Guid(cf957b4ed1cbe124abac918820f3a5ed) Importer(815301076,1909f56bfc062723c751e8b465ee728b)  -> (artifact id: 'cd479a10cc467e79523d44875d4c7193') in 0.122881 seconds 
========================================================================
Received Import Request.
  Time since last request: 0.000021 seconds.
  path: Assets/Sci-fi Pistol/Prefabs/Magazine.prefab
  artifactKey: Guid(7132fc0eae73cf14da8e7ed242040012) Importer(815301076,1909f56bfc062723c751e8b465ee728b)
Start importing Assets/Sci-fi Pistol/Prefabs/Magazine.prefab using Guid(7132fc0eae73cf14da8e7ed242040012) Importer(815301076,1909f56bfc062723c751e8b465ee728b)  -> (artifact id: 'ca0d2fd979299200498267e744411b52') in 0.043539 seconds 
========================================================================
Received Import Request.
  Time since last request: 14.977434 seconds.
  path: Assets/Sci-fi Pistol/Textures/BulletAO.png
  artifactKey: Guid(96816d59a076807408e4d56e94c94394) Importer(815301076,1909f56bfc062723c751e8b465ee728b)
Start importing Assets/Sci-fi Pistol/Textures/BulletAO.png using Guid(96816d59a076807408e4d56e94c94394) Importer(815301076,1909f56bfc062723c751e8b465ee728b)  -> (artifact id: 'a4d1d115e48f990a5cccb9e1ab7561f5') in 0.099560 seconds 
========================================================================
Received Import Request.
  Time since last request: 0.000028 seconds.
  path: Assets/Sci-fi Pistol/Textures/MagazineNormal.png
  artifactKey: Guid(b175ba17decbbb84f80d026df407d072) Importer(815301076,1909f56bfc062723c751e8b465ee728b)
Start importing Assets/Sci-fi Pistol/Textures/MagazineNormal.png using Guid(b175ba17decbbb84f80d026df407d072) Importer(815301076,1909f56bfc062723c751e8b465ee728b)  -> (artifact id: '136c4e5c39bd889b0e5b927dbf4fb111') in 0.050892 seconds 
========================================================================
Received Import Request.
  Time since last request: 0.000035 seconds.
  path: Assets/Sci-fi Pistol/Textures/BulletMetallic.png
  artifactKey: Guid(91fc5f88396a97341bb4573552f189fb) Importer(815301076,1909f56bfc062723c751e8b465ee728b)
Start importing Assets/Sci-fi Pistol/Textures/BulletMetallic.png using Guid(91fc5f88396a97341bb4573552f189fb) Importer(815301076,1909f56bfc062723c751e8b465ee728b)  -> (artifact id: 'e400801f7d91e962bd5975ba2fac38d7') in 0.049716 seconds 
========================================================================
Received Import Request.
  Time since last request: 0.000029 seconds.
  path: Assets/Sci-fi Pistol/Textures/PistolMetallic.png
  artifactKey: Guid(6214158b04dc45d43976cb257b0615fb) Importer(815301076,1909f56bfc062723c751e8b465ee728b)
Start importing Assets/Sci-fi Pistol/Textures/PistolMetallic.png using Guid(6214158b04dc45d43976cb257b0615fb) Importer(815301076,1909f56bfc062723c751e8b465ee728b)  -> (artifact id: 'd7a8fda5154802a92b78d956c58b8d1e') in 0.040511 seconds 
========================================================================
Received Import Request.
  Time since last request: 0.000021 seconds.
  path: Assets/Sci-fi Pistol/Textures/MagazineMetallic.png
  artifactKey: Guid(9746302845c940c4b99bc001d687524d) Importer(815301076,1909f56bfc062723c751e8b465ee728b)
Start importing Assets/Sci-fi Pistol/Textures/MagazineMetallic.png using Guid(9746302845c940c4b99bc001d687524d) Importer(815301076,1909f56bfc062723c751e8b465ee728b)  -> (artifact id: '2449d89999cac6855208b08521b98ff1') in 0.031791 seconds 
========================================================================
Received Import Request.
  Time since last request: 0.000022 seconds.
  path: Assets/Sci-fi Pistol/Textures/MagazineAO.png
  artifactKey: Guid(29b118af7909c464cb8dca92201fc21c) Importer(815301076,1909f56bfc062723c751e8b465ee728b)
Start importing Assets/Sci-fi Pistol/Textures/MagazineAO.png using Guid(29b118af7909c464cb8dca92201fc21c) Importer(815301076,1909f56bfc062723c751e8b465ee728b)  -> (artifact id: '05fc29f692525e7b9c2728e5bffcb428') in 0.040201 seconds 
========================================================================
Received Import Request.
  Time since last request: 33.976830 seconds.
  path: Assets/Sci-fi Pistol/Materials/MagazineMaterial.mat
  artifactKey: Guid(3b18235e8b0defe4c8a347e80629d116) Importer(815301076,1909f56bfc062723c751e8b465ee728b)
Start importing Assets/Sci-fi Pistol/Materials/MagazineMaterial.mat using Guid(3b18235e8b0defe4c8a347e80629d116) Importer(815301076,1909f56bfc062723c751e8b465ee728b)  -> (artifact id: '74bb4d7387d7df8c0eeb6cf4690a864d') in 0.035941 seconds 
Editor requested this worker to shutdown with reason: Scaling down because of idle timeout
AssetImportWorker is now disconnected from the server
Process exiting
Exiting without the bug reporter. Application will terminate with return code 0