Using pre-set license
Built from '2021.3/staging' branch; Version is '2021.3.20f1 (577897200b8b) revision 5732503'; Using compiler version '192829333'; Build Type 'Release'
OS: 'Windows 11  (10.0.22621) 64bit Core' Language: 'ko' Physical Memory: 16220 MB
BatchMode: 1, IsHumanControllingUs: 0, StartBugReporterOnCrash: 0, Is64bit: 1, IsPro: 1

COMMAND LINE ARGUMENTS:
C:\Unity\2021.3.20f1\Editor\Unity.exe
-adb2
-batchMode
-noUpm
-name
AssetImportWorker1
-projectPath
E:/GitHub/URP-Shader/URP-Shader
-logFile
Logs/AssetImportWorker1.log
-srvPort
50850
Successfully changed project path to: E:/GitHub/URP-Shader/URP-Shader
E:/GitHub/URP-Shader/URP-Shader
[UnityMemory] Configuration Parameters - Can be set up in boot.config
    "memorysetup-bucket-allocator-granularity=16"
    "memorysetup-bucket-allocator-bucket-count=8"
    "memorysetup-bucket-allocator-block-size=33554432"
    "memorysetup-bucket-allocator-block-count=8"
    "memorysetup-main-allocator-block-size=16777216"
    "memorysetup-thread-allocator-block-size=16777216"
    "memorysetup-gfx-main-allocator-block-size=16777216"
    "memorysetup-gfx-thread-allocator-block-size=16777216"
    "memorysetup-cache-allocator-block-size=4194304"
    "memorysetup-typetree-allocator-block-size=2097152"
    "memorysetup-profiler-bucket-allocator-granularity=16"
    "memorysetup-profiler-bucket-allocator-bucket-count=8"
    "memorysetup-profiler-bucket-allocator-block-size=33554432"
    "memorysetup-profiler-bucket-allocator-block-count=8"
    "memorysetup-profiler-allocator-block-size=16777216"
    "memorysetup-profiler-editor-allocator-block-size=1048576"
    "memorysetup-temp-allocator-size-main=16777216"
    "memorysetup-job-temp-allocator-block-size=2097152"
    "memorysetup-job-temp-allocator-block-size-background=1048576"
    "memorysetup-job-temp-allocator-reduction-small-platforms=262144"
    "memorysetup-temp-allocator-size-background-worker=32768"
    "memorysetup-temp-allocator-size-job-worker=262144"
    "memorysetup-temp-allocator-size-preload-manager=33554432"
    "memorysetup-temp-allocator-size-nav-mesh-worker=65536"
    "memorysetup-temp-allocator-size-audio-worker=65536"
    "memorysetup-temp-allocator-size-cloud-worker=32768"
    "memorysetup-temp-allocator-size-gi-baking-worker=262144"
    "memorysetup-temp-allocator-size-gfx=262144"
Player connection [26348] Host "[IP] 25.25.66.47 [Port] 0 [Flags] 2 [Guid] 1440052716 [EditorId] 1440052716 [Version] 1048832 [Id] WindowsEditor(7,DESKTOP-ET943N4) [Debug] 1 [PackageName] WindowsEditor [ProjectName] Editor" joined multi-casting on [225.0.0.222:54997]...

Player connection [26348] Host "[IP] 25.25.66.47 [Port] 0 [Flags] 2 [Guid] 1440052716 [EditorId] 1440052716 [Version] 1048832 [Id] WindowsEditor(7,DESKTOP-ET943N4) [Debug] 1 [PackageName] WindowsEditor [ProjectName] Editor" joined alternative multi-casting on [225.0.0.222:34997]...

Refreshing native plugins compatible for Editor in 238.94 ms, found 3 plugins.
Preloading 0 native plugins for Editor in 0.00 ms.
Initialize engine version: 2021.3.20f1 (577897200b8b)
[Subsystems] Discovering subsystems at path C:/Unity/2021.3.20f1/Editor/Data/Resources/UnitySubsystems
[Subsystems] Discovering subsystems at path E:/GitHub/URP-Shader/URP-Shader/Assets
GfxDevice: creating device client; threaded=0; jobified=0
Direct3D:
    Version:  Direct3D 11.0 [level 11.1]
    Renderer: NVIDIA GeForce RTX 3060 (ID=0x2504)
    Vendor:   NVIDIA
    VRAM:     12129 MB
    Driver:   31.0.15.3699
Initialize mono
Mono path[0] = 'C:/Unity/2021.3.20f1/Editor/Data/Managed'
Mono path[1] = 'C:/Unity/2021.3.20f1/Editor/Data/MonoBleedingEdge/lib/mono/unityjit-win32'
Mono config path = 'C:/Unity/2021.3.20f1/Editor/Data/MonoBleedingEdge/etc'
Using monoOptions --debugger-agent=transport=dt_socket,embedding=1,server=y,suspend=n,address=127.0.0.1:56544
Begin MonoManager ReloadAssembly
Registering precompiled unity dll's ...
Register platform support module: C:/Unity/2021.3.20f1/Editor/Data/PlaybackEngines/AndroidPlayer/UnityEditor.Android.Extensions.dll
Register platform support module: C:/Unity/2021.3.20f1/Editor/Data/PlaybackEngines/WindowsStandaloneSupport/UnityEditor.WindowsStandalone.Extensions.dll
Registered in 0.014665 seconds.
Native extension for WindowsStandalone target not found
Native extension for Android target not found
Android Extension - Scanning For ADB Devices 384 ms
Refreshing native plugins compatible for Editor in 77.38 ms, found 3 plugins.
Preloading 0 native plugins for Editor in 0.00 ms.
Mono: successfully reloaded assembly
- Completed reload, in  1.039 seconds
Domain Reload Profiling:
	ReloadAssembly (1040ms)
		BeginReloadAssembly (141ms)
			ExecutionOrderSort (0ms)
			DisableScriptedObjects (0ms)
			BackupInstance (0ms)
			ReleaseScriptingObjects (0ms)
			CreateAndSetChildDomain (1ms)
		EndReloadAssembly (791ms)
			LoadAssemblies (136ms)
			RebuildTransferFunctionScriptingTraits (0ms)
			SetupTypeCache (81ms)
			ReleaseScriptCaches (0ms)
			RebuildScriptCaches (22ms)
			SetupLoadedEditorAssemblies (633ms)
				LogAssemblyErrors (0ms)
				InitializePlatformSupportModulesInManaged (441ms)
				SetLoadedEditorAssemblies (0ms)
				RefreshPlugins (78ms)
				BeforeProcessingInitializeOnLoad (1ms)
				ProcessInitializeOnLoadAttributes (73ms)
				ProcessInitializeOnLoadMethodAttributes (40ms)
				AfterProcessingInitializeOnLoad (0ms)
				EditorAssembliesLoaded (0ms)
			ExecutionOrderSort2 (0ms)
			AwakeInstancesAfterBackupRestoration (0ms)
Platform modules already initialized, skipping
Registering precompiled user dll's ...
Registered in 0.007990 seconds.
Begin MonoManager ReloadAssembly
Symbol file LoadedFromMemory doesn't match image E:\GitHub\URP-Shader\URP-Shader\Library\PackageCache\com.unity.visualscripting@1.8.0\Editor\VisualScripting.Core\Dependencies\YamlDotNet\Unity.VisualScripting.YamlDotNet.dll
Symbol file LoadedFromMemory doesn't match image E:\GitHub\URP-Shader\URP-Shader\Library\PackageCache\com.unity.visualscripting@1.8.0\Editor\VisualScripting.Core\Dependencies\DotNetZip\Unity.VisualScripting.IonicZip.dll
Native extension for WindowsStandalone target not found
Native extension for Android target not found
Refreshing native plugins compatible for Editor in 71.14 ms, found 3 plugins.
Preloading 0 native plugins for Editor in 0.00 ms.
Mono: successfully reloaded assembly
- Completed reload, in  4.411 seconds
Domain Reload Profiling:
	ReloadAssembly (4412ms)
		BeginReloadAssembly (135ms)
			ExecutionOrderSort (0ms)
			DisableScriptedObjects (4ms)
			BackupInstance (0ms)
			ReleaseScriptingObjects (0ms)
			CreateAndSetChildDomain (14ms)
		EndReloadAssembly (4131ms)
			LoadAssemblies (3417ms)
			RebuildTransferFunctionScriptingTraits (0ms)
			SetupTypeCache (194ms)
			ReleaseScriptCaches (0ms)
			RebuildScriptCaches (41ms)
			SetupLoadedEditorAssemblies (465ms)
				LogAssemblyErrors (0ms)
				InitializePlatformSupportModulesInManaged (15ms)
				SetLoadedEditorAssemblies (0ms)
				RefreshPlugins (71ms)
				BeforeProcessingInitializeOnLoad (115ms)
				ProcessInitializeOnLoadAttributes (185ms)
				ProcessInitializeOnLoadMethodAttributes (61ms)
				AfterProcessingInitializeOnLoad (17ms)
				EditorAssembliesLoaded (0ms)
			ExecutionOrderSort2 (0ms)
			AwakeInstancesAfterBackupRestoration (15ms)
Platform modules already initialized, skipping
========================================================================
Worker process is ready to serve import requests
Launched and connected shader compiler UnityShaderCompiler.exe after 0.05 seconds
Refreshing native plugins compatible for Editor in 0.74 ms, found 3 plugins.
Preloading 0 native plugins for Editor in 0.00 ms.
Unloading 4821 Unused Serialized files (Serialized files now loaded: 0)
Unloading 40 unused Assets / (1.1 MB). Loaded Objects now: 5269.
Memory consumption went from 195.1 MB to 194.0 MB.
Total: 3.512600 ms (FindLiveObjects: 0.456100 ms CreateObjectMapping: 0.117300 ms MarkObjects: 2.634500 ms  DeleteObjects: 0.304100 ms)

AssetImportParameters requested are different than current active one (requested -> active):
  custom:video-decoder-ogg-theora: a1e56fd34408186e4bbccfd4996cb3dc -> 
  custom:container-muxer-webm: aa71ff27fc2769a1b78a27578f13a17b -> 
  custom:container-demuxer-webm: 4f35f7cbe854078d1ac9338744f61a02 -> 
  custom:video-encoder-webm-vp8: eb34c28f22e8b96e1ab97ce403110664 -> 
  custom:video-codec-MediaFoundation-h265: 746d11721c4dcdbdad8f713fa42b33f4 -> 
  custom:audio-encoder-webm-vorbis: bf7c407c2cedff20999df2af8eb42d56 -> 
  custom:framework-win-MediaFoundation: 216162199b28c13a410421893ffa2e32 -> 
  custom:container-demuxer-ogg: 62fdf1f143b41e24485cea50d1cbac27 -> 
  custom:video-decoder-webm-vp8: 9c59270c3fd7afecdb556c50c9e8de78 -> 
  custom:audio-decoder-ogg-vorbis: bf7c407c2cedff20999df2af8eb42d56 -> 
========================================================================
Received Import Request.
  Time since last request: 33305.666045 seconds.
  path: Assets/chapter10/10.mat
  artifactKey: Guid(a1c75f0649e96d44ab88295b869e544d) Importer(815301076,1909f56bfc062723c751e8b465ee728b)
Start importing Assets/chapter10/10.mat using Guid(a1c75f0649e96d44ab88295b869e544d) Importer(815301076,1909f56bfc062723c751e8b465ee728b)  -> (artifact id: 'a6a7e052be3ae6b6922a775d197c075d') in 1.048096 seconds 
========================================================================
Received Import Request.
  Time since last request: 1516.141824 seconds.
  path: Assets/Sci-fi Pistol/Prefabs/BulletShell.prefab
  artifactKey: Guid(07fc9ab6cfbfce34e87f84e4ca126e38) Importer(815301076,1909f56bfc062723c751e8b465ee728b)
Start importing Assets/Sci-fi Pistol/Prefabs/BulletShell.prefab using Guid(07fc9ab6cfbfce34e87f84e4ca126e38) Importer(815301076,1909f56bfc062723c751e8b465ee728b)  -> (artifact id: '445513986391c3bdb3df159faa082a57') in 0.121865 seconds 
========================================================================
Received Import Request.
  Time since last request: 0.000030 seconds.
  path: Assets/Sci-fi Pistol/Prefabs/Pistol.prefab
  artifactKey: Guid(726cd21416e138640a4f2575ffe04009) Importer(815301076,1909f56bfc062723c751e8b465ee728b)
Start importing Assets/Sci-fi Pistol/Prefabs/Pistol.prefab using Guid(726cd21416e138640a4f2575ffe04009) Importer(815301076,1909f56bfc062723c751e8b465ee728b)  -> (artifact id: '539e38bd50d2ec673bdbdddc6382fce7') in 0.057865 seconds 
========================================================================
Received Import Request.
  Time since last request: 14.959961 seconds.
  path: Assets/Sci-fi Pistol/Textures/BulletDiffuse.png
  artifactKey: Guid(f9dd7cb77fb84f449ab42b600b1bc749) Importer(815301076,1909f56bfc062723c751e8b465ee728b)
Start importing Assets/Sci-fi Pistol/Textures/BulletDiffuse.png using Guid(f9dd7cb77fb84f449ab42b600b1bc749) Importer(815301076,1909f56bfc062723c751e8b465ee728b)  -> (artifact id: 'a0bb396af1d799131e8d6411a33a49b9') in 0.099393 seconds 
========================================================================
Received Import Request.
  Time since last request: 0.000027 seconds.
  path: Assets/Sci-fi Pistol/Textures/MagazineDiffuse.png
  artifactKey: Guid(f8e281b3ebc5c894c97a5c32dbae3647) Importer(815301076,1909f56bfc062723c751e8b465ee728b)
Start importing Assets/Sci-fi Pistol/Textures/MagazineDiffuse.png using Guid(f8e281b3ebc5c894c97a5c32dbae3647) Importer(815301076,1909f56bfc062723c751e8b465ee728b)  -> (artifact id: '795b9106b018f915d960a414432c2b65') in 0.042907 seconds 
========================================================================
Received Import Request.
  Time since last request: 0.000031 seconds.
  path: Assets/Sci-fi Pistol/Textures/PistolNormal.png
  artifactKey: Guid(cbdaa30edcb8e2d409b22cd2e8cdc573) Importer(815301076,1909f56bfc062723c751e8b465ee728b)
Start importing Assets/Sci-fi Pistol/Textures/PistolNormal.png using Guid(cbdaa30edcb8e2d409b22cd2e8cdc573) Importer(815301076,1909f56bfc062723c751e8b465ee728b)  -> (artifact id: 'c9e3db68e7c5dd42bec3adec1b72d04a') in 0.040439 seconds 
========================================================================
Received Import Request.
  Time since last request: 0.000022 seconds.
  path: Assets/Sci-fi Pistol/Textures/BulletNormal.png
  artifactKey: Guid(a3fcd60662766cb4cb2c2ab82be517bd) Importer(815301076,1909f56bfc062723c751e8b465ee728b)
Start importing Assets/Sci-fi Pistol/Textures/BulletNormal.png using Guid(a3fcd60662766cb4cb2c2ab82be517bd) Importer(815301076,1909f56bfc062723c751e8b465ee728b)  -> (artifact id: '6cf5c1d697d9844695d1478ba0585df0') in 0.040276 seconds 
========================================================================
Received Import Request.
  Time since last request: 0.000022 seconds.
  path: Assets/Sci-fi Pistol/Textures/PistolEmission.png
  artifactKey: Guid(b4d767986168f3c4cbfb6feb8692a14f) Importer(815301076,1909f56bfc062723c751e8b465ee728b)
Start importing Assets/Sci-fi Pistol/Textures/PistolEmission.png using Guid(b4d767986168f3c4cbfb6feb8692a14f) Importer(815301076,1909f56bfc062723c751e8b465ee728b)  -> (artifact id: 'a5162e01cfde7f219a84d8d71cb54e4d') in 0.027757 seconds 
========================================================================
Received Import Request.
  Time since last request: 0.000028 seconds.
  path: Assets/Sci-fi Pistol/Textures/PistolDiffuse.png
  artifactKey: Guid(3606f7702d4298c4bba754d6652dbb50) Importer(815301076,1909f56bfc062723c751e8b465ee728b)
Start importing Assets/Sci-fi Pistol/Textures/PistolDiffuse.png using Guid(3606f7702d4298c4bba754d6652dbb50) Importer(815301076,1909f56bfc062723c751e8b465ee728b)  -> (artifact id: '5b453112d56995ae056338647145cff9') in 0.042599 seconds 
========================================================================
Received Import Request.
  Time since last request: 0.000032 seconds.
  path: Assets/Sci-fi Pistol/Textures/PistolAO.png
  artifactKey: Guid(ebd89d67060f8584b998616da7a27da1) Importer(815301076,1909f56bfc062723c751e8b465ee728b)
Start importing Assets/Sci-fi Pistol/Textures/PistolAO.png using Guid(ebd89d67060f8584b998616da7a27da1) Importer(815301076,1909f56bfc062723c751e8b465ee728b)  -> (artifact id: '2812de229378da4076ae64295ad0e1e1') in 0.034260 seconds 
========================================================================
Received Import Request.
  Time since last request: 33.959229 seconds.
  path: Assets/Sci-fi Pistol/Materials/PistolMaterial.mat
  artifactKey: Guid(46261462f4742434d98e46fa778697e0) Importer(815301076,1909f56bfc062723c751e8b465ee728b)
Start importing Assets/Sci-fi Pistol/Materials/PistolMaterial.mat using Guid(46261462f4742434d98e46fa778697e0) Importer(815301076,1909f56bfc062723c751e8b465ee728b)  -> (artifact id: '2e5224917b1aae2b70cc663d9bef99d3') in 0.041822 seconds 
========================================================================
Received Import Request.
  Time since last request: 8528.521997 seconds.
  path: Assets/Settings/URP-Balanced-Renderer.asset
  artifactKey: Guid(e634585d5c4544dd297acaee93dc2beb) Importer(815301076,1909f56bfc062723c751e8b465ee728b)
Start importing Assets/Settings/URP-Balanced-Renderer.asset using Guid(e634585d5c4544dd297acaee93dc2beb) Importer(815301076,1909f56bfc062723c751e8b465ee728b)  -> (artifact id: 'f4181a306404bb59aac3e2058a1d36c9') in 0.047668 seconds 
========================================================================
Received Import Request.
  Time since last request: 0.000109 seconds.
  path: Assets/Settings/URP-Performant.asset
  artifactKey: Guid(d0e2fc18fe036412f8223b3b3d9ad574) Importer(815301076,1909f56bfc062723c751e8b465ee728b)
Start importing Assets/Settings/URP-Performant.asset using Guid(d0e2fc18fe036412f8223b3b3d9ad574) Importer(815301076,1909f56bfc062723c751e8b465ee728b)  -> (artifact id: '487870a79fa3f7c27236b295a642ea4f') in 0.019883 seconds 
========================================================================
Received Import Request.
  Time since last request: 516.311219 seconds.
  path: Assets/chapter10/10.mat
  artifactKey: Guid(a1c75f0649e96d44ab88295b869e544d) Importer(815301076,1909f56bfc062723c751e8b465ee728b)
Start importing Assets/chapter10/10.mat using Guid(a1c75f0649e96d44ab88295b869e544d) Importer(815301076,1909f56bfc062723c751e8b465ee728b)  -> (artifact id: '525d8aa21223cb3b640cc90b940b1771') in 1.088123 seconds 
========================================================================
Received Import Request.
  Time since last request: 65.369409 seconds.
  path: Assets/chapter10/10.mat
  artifactKey: Guid(a1c75f0649e96d44ab88295b869e544d) Importer(815301076,1909f56bfc062723c751e8b465ee728b)
Start importing Assets/chapter10/10.mat using Guid(a1c75f0649e96d44ab88295b869e544d) Importer(815301076,1909f56bfc062723c751e8b465ee728b)  -> (artifact id: 'ebe221528fe79e7f013fd7715b7304ef') in 0.857941 seconds 
